2025/06/26	15:57:51	ed1e7a34-4396-498f-8c8c-94b74542ecda	GET	/	undefined
2025/06/26	15:57:51	67d96e1f-3c1c-4246-b57d-e40630b7b9cf	GET	/css/style.css	undefined
2025/06/26	15:57:51	b6611096-ef91-4cb9-96f0-6d1c2d4e91bd	GET	/favicon.ico	undefined
2025/06/26	15:58:03	63f07cf8-0c47-4f75-bc41-cce936fd1f92	GET	/	undefined
2025/06/26	16:03:18	22044996-e7c7-4ae1-a25c-e04104110d2b	POST	/api/auth/signup	undefined
2025/06/26	16:41:18	c0eee6c9-f1ba-4b2d-906d-08a2861404f5	POST	/api/auth/signup	undefined
2025/06/26	16:42:08	2e41fa9d-6d96-4485-ba95-51ae4629ecf6	POST	/api/auth/signup	undefined
2025/06/26	16:43:48	922cce20-6045-4796-98c8-aa8c3eaba67a	POST	/api/auth/signup	undefined
2025/06/26	16:44:34	d8d1c1fd-ba7c-41c5-af0e-946cbe5c0d20	POST	/api/auth/signup	undefined
2025/06/26	16:45:55	ec456ffc-ac91-4580-addb-30d7591d3f77	POST	/api/auth/signup	undefined
2025/06/26	16:46:53	1d33ab50-c0a4-42cd-8dde-e93a7ba7de08	POST	/api/auth/signup	undefined
2025/06/26	16:49:38	1c9f7deb-c1d4-4e8d-a496-3fd593212c0c	POST	/api/auth/login	undefined
2025/06/26	16:52:50	4956d77b-c847-42ee-b503-dcf4f4aa6967	POST	/api/auth/login	undefined
2025/06/26	16:53:16	389d6246-c0cc-4616-9ebd-adb50a222015	POST	/api/auth/login	undefined
2025/06/26	16:53:30	f82fd929-b94b-407c-906d-7961c96e5867	POST	/api/auth/logout	undefined
2025/06/26	16:53:43	fd4318b5-0ccb-49fd-96fd-a2e0cb41ea0f	POST	/api/auth/logout	undefined
2025/06/26	16:55:29	81b7ad70-4a5e-4083-8b13-db6a63901683	POST	/api/auth/login	undefined
2025/06/26	16:56:42	0608f602-5d12-40e5-b6e7-f7828d4f4cc8	POST	/api/auth/refresh	undefined
2025/06/26	16:57:10	ed4db19a-5ed5-4f1e-9f6c-8bc8f48d645d	GET	/api/auth/refresh	undefined
2025/06/27	15:16:12	dec7cbee-9f45-4e60-936f-a8d8239689f1	GET	/	undefined
2025/06/27	15:18:46	938893b7-0c59-4cdf-8852-68f62b4f5c88	POST	/login	undefined
2025/06/27	15:19:19	7c09752e-61f1-421e-af8f-6d1faf193335	POST	/login	undefined
2025/06/27	15:20:17	7c125581-27b5-456b-be39-a7a29b0fca90	POST	/login	undefined
2025/06/27	15:21:09	c7a95d7d-e0ef-4c30-a23e-9fbef8c85702	POST	/login	undefined
2025/06/27	15:21:34	2512f9b3-93ad-4667-92f0-1419247aa09f	POST	/login	undefined
2025/06/27	15:22:32	991378f9-25cc-4bbb-81b8-35fd76177db7	POST	/login	undefined
2025/06/27	15:23:55	103e4480-4a59-43de-9dd8-778f30ce56e8	POST	/api/auth/login	undefined
2025/06/27	15:31:41	09cf2571-4196-4be6-a410-35a1d91feb9c	POST	/api/auth/refresh	undefined
2025/06/27	15:34:42	f70d6b8f-95c4-45d0-84cb-012fe8bb2887	POST	/api/auth/refresh	undefined
2025/06/27	15:35:15	eff0428f-531b-4c84-8316-85b6ce9aec2e	GET	/api/auth/refresh	undefined
2025/06/27	15:37:19	812e2acc-0220-4b5a-881a-8e2cc19922b8	POST	/api/auth/logout	undefined
2025/06/27	15:38:14	1aeca614-9359-4d4f-90b3-4c57915ebd32	GET	/api/auth/logout	undefined
2025/06/27	15:38:49	dc8c088c-9442-4a21-a674-0c032a4eb970	POST	/api/auth/login	undefined
2025/06/27	15:41:57	215f1cab-e6f3-4587-8449-33edf5f332bd	GET	/api/user/personaldetails/685d2b9a18d9dc84e2a8ab53	undefined
2025/06/27	15:42:35	2d276de8-ee96-4f48-934f-7f6719ea6b07	GET	/api/user/personaldetails/685d2b9a18d9dc84e2a8ab53	undefined
2025/06/27	15:44:07	f1549799-439e-4ca8-879f-a0ff422e59b5	GET	/api/user/personaldetails/685d2b9a18d9dc84e2a8ab53	undefined
2025/06/27	15:48:02	1e5e20ef-5b97-4aef-9db9-874a0989c8c0	PUT	/api/user/personaldetails/685d2b9a18d9dc84e2a8ab53	undefined
2025/06/27	15:49:45	8635f183-24a0-48ab-8b51-6942ac50e91c	POST	/api/auth/signup	undefined
2025/06/27	15:49:57	2f84297b-ae50-42db-809c-b491fb265ead	POST	/api/auth/signup	undefined
2025/06/27	15:51:20	15a57e35-4d47-4893-b765-89fca2da2813	DELETE	/api/user/personaldetails/685d2b9a18d9dc84e2a8ab53	undefined
2025/06/27	15:52:25	3caf8f5d-994a-4042-8afe-ca8b6a610151	POST	/api/auth/login	undefined
2025/06/27	15:52:34	1d7e90fd-ef3b-4350-adfa-cc205c8f764d	POST	/api/auth/login	undefined
2025/06/27	15:53:21	f94a48e0-28eb-4708-8896-b4c2b7d8a405	DELETE	/api/user/personaldetails/685e704da8c060ce5d3bf1c5	undefined
2025/06/27	15:54:04	88f8efa4-e49e-4c7a-8147-999e4a3d9bd1	DELETE	/api/user/personaldetails/685e704da8c060ce5d3bf1c5	undefined
2025/06/27	15:58:29	43f7a08c-212f-4bf4-b485-d30f65a67ead	POST	/api/auth/login	undefined
2025/06/27	15:59:25	c4083624-624a-4df8-9e29-8dacfa99c01a	GET	/api/leaves?employee=emp2	undefined
2025/06/27	15:59:54	fab15b36-e082-4366-96eb-346ee30fab5f	GET	/api/leaves?employee=emp2	undefined
2025/06/27	15:59:54	bde78667-e620-47b8-8d91-cc46900c695a	GET	/favicon.ico	undefined
2025/06/27	16:05:34	4f76f3ec-f316-45e1-9c48-8c65232fb849	POST	/api/leaves/85d2c256458e3a114552d28	undefined
2025/06/27	16:12:12	0a186a69-ef72-430f-8bd8-7bbe430fee7a	POST	/api/leaves/685d2c256458e3a114552d28	undefined
2025/06/27	16:12:52	b2d83063-69c9-485f-9ec4-bf69ed1a414f	POST	/api/leaves/685d2c256458e3a114552d28	undefined
2025/06/27	16:13:09	7282df24-3698-4cbe-8a86-5b9ada800f45	GET	/api/leaves?employee=emp2	undefined
2025/06/27	16:13:37	cc9fafbc-aa11-41e8-8adf-2a6d3a097122	GET	/api/leaves?employee=emp2&type=sick	undefined
2025/06/27	16:14:38	c04005d8-c68f-44ce-9c25-43853fb27413	GET	/api/leaves/685d2c256458e3a114552d28	undefined
2025/06/27	16:15:11	42dc002e-7836-4d27-b538-d38d9bf84abb	GET	/api/leaves/685d2c256458e3a114552d28	undefined
2025/06/27	16:20:03	4b670d1e-c3c5-4ce7-977e-807ca25712e8	GET	/api/leaves?employee=emp2&startDate=11%20jan%2025	undefined
2025/06/27	16:20:26	74d90f17-8fd1-40bf-a645-bffa28acb261	GET	/api/leaves?employee=emp2&startDate=11%20jan%202025	undefined
2025/06/27	16:21:29	b53a3679-8cf4-4be2-bf84-6dd3233c4a88	GET	/api/leaves?employee=emp2&startDate=11%20jan%202025&endDate=20%20jan%202025	undefined
2025/06/27	16:21:53	025fa0c3-6ae9-484f-9d30-bbb3a99c76c8	GET	/api/leaves?status=Pending	undefined
2025/06/27	16:23:44	c396fb65-a61a-427f-a1b6-c2e25cd7c0b4	GET	/api/attend/attendstatus	undefined
2025/06/27	16:23:56	98e9a024-8efc-4a0a-9254-4f3a3c07af14	GET	/api/attend/attendstatus	undefined
2025/06/27	16:26:48	173b4f7b-d3b1-4232-9cf0-0ef85ebb3f68	GET	/api/attend/attendstatus?id=685d2c256458e3a114552d28&date=11%20jan%202025	undefined
2025/06/27	16:29:56	e0ab6ffc-6b18-4c54-9094-c0de9bbbdf86	GET	/api/attend/685d2c256458e3a114552d28	undefined
2025/06/27	16:31:48	10e1ab1b-b88b-4d5c-b449-7b1aff8f0f92	POST	/api/attend/685d2c256458e3a114552d28	undefined
2025/06/27	16:32:01	a6bd18db-ef01-4d6b-9b51-91289524bb6b	GET	/api/attend/attendstatus?id=685d2c256458e3a114552d28&date=11%20jan%202025	undefined
2025/06/27	16:32:09	301d8274-159d-4bd7-93ab-cd3210943faf	GET	/api/attend/685d2c256458e3a114552d28	undefined
2025/06/27	16:32:39	a8fd9571-33c5-412d-ad65-99e4ab0423c8	POST	/api/attend/685d2c256458e3a114552d28	undefined
2025/06/27	16:34:38	26f3f43f-2542-4175-8f80-ff5430063980	GET	/api/document	undefined
2025/06/27	16:34:58	5cfe87ff-a68e-4b0c-bf4f-77d62a66641f	GET	/api/document/685d2c256458e3a114552d28	undefined
2025/06/27	16:37:31	5442c927-6dbb-490d-9c89-0654fc3bebae	POST	/api/document/685d2c256458e3a114552d28	undefined
2025/06/27	16:37:43	1d89e13a-788c-488b-a5fc-134be12ca5d0	POST	/api/document/685d2c256458e3a114552d28	undefined
2025/06/27	16:37:50	b68719d9-a714-4b8b-9bb5-1da73e4f9511	GET	/api/document/685d2c256458e3a114552d28	undefined
2025/06/27	16:37:58	e124da01-db6b-45a4-8c0e-ff894fbe04cb	GET	/api/document	undefined
2025/06/27	16:44:17	46c3fda0-ee96-4b75-a6ae-55922af1e9ca	GET	/api/notify/685d2b9a18d9dc84e2a8ab53	undefined
2025/06/27	16:45:20	064e81a9-0004-40f6-a811-3d8b281707e3	GET	/api/notify/685d2b9a18d9dc84e2a8ab53	undefined
2025/06/27	16:46:37	24dc74a6-84e2-4d58-94d9-973c40192cc4	GET	/api/notify/685d2b9a18d9dc84e2a8ab53	undefined
2025/06/27	16:46:46	8ca226fa-f9cb-4768-a681-efed17907563	POST	/api/notify/685d2b9a18d9dc84e2a8ab53	undefined
2025/06/27	16:46:53	96b7542b-d9f0-44bd-bcf8-85f054a19cc7	GET	/api/notify/685d2b9a18d9dc84e2a8ab53	undefined
2025/06/27	16:48:05	27e6771f-b550-4d6d-8275-4037ffc576f4	POST	/api/notify/685d2b9a18d9dc84e2a8ab53	undefined
2025/06/27	16:48:39	93096170-2d88-4ae1-ab2d-56f5b17c08d0	GET	/api/notify/685d2c256458e3a114552d28	undefined
2025/06/27	16:51:02	dcda87a7-0a96-4527-b95d-1ee6908f9f01	GET	/api/notify/685d2c256458e3a114552d28	undefined
2025/06/27	16:51:33	3ce9cbb5-8734-4b5d-9c4f-88023ef29796	GET	/api/notify/685d2b9a18d9dc84e2a8ab53	undefined
2025/06/27	16:58:31	2127c08b-cbef-4a47-9c56-9429f3decd72	GET	/api/notify	undefined
2025/06/27	16:58:56	c2e0c84a-e81e-4a8d-85cf-82a0aace387e	GET	/api/notify	undefined
2025/06/27	17:00:01	c13c2b3b-1449-4f48-b061-b347c8c3b5ee	GET	/api/notify?employee=emp1	undefined
2025/06/27	17:00:27	c9342368-ab82-43b8-afbf-e16d06843dcb	GET	/api/notify?employee=emp2	undefined
2025/06/27	17:00:42	8a37a8b2-4ccd-4a04-9b1a-5a7eae23f458	POST	/api/auth/login	undefined
2025/06/27	17:01:05	e38c115f-2d12-4ca1-800a-1005ab2b555d	GET	/api/notify?employee=emp2	undefined
2025/06/27	17:01:39	ca8d3a16-eb15-40e7-aa92-2185b4aaaa83	GET	/api/notify?employee=emp1	undefined
2025/06/27	17:01:50	648df695-dda9-4be1-a0b2-6c7db4a0451c	GET	/api/notify	undefined
2025/06/27	17:03:02	3aa9e1a4-21fb-4756-bc5b-53ed93e7d146	GET	/api/notify?type=type1	undefined
2025/06/27	17:03:29	daa02d5e-05d8-495e-8e69-86b427538c1a	POST	/api/notify/685d2b9a18d9dc84e2a8ab53	undefined
2025/06/27	17:03:58	cc1be565-f7c1-4fe5-8677-c7246dba6060	POST	/api/notify/685d2b9a18d9dc84e2a8ab53	undefined
2025/06/27	17:04:13	b9ddf1de-2002-4cfd-98fa-3e9bc1293cee	GET	/api/notify?type=type3	undefined
2025/06/27	17:04:25	ff213df1-379f-432f-b257-7d290319ef92	GET	/api/notify/?type=type3	undefined
2025/06/27	17:06:49	c1af5421-3fdb-42a0-9fee-c48ffa8579d2	GET	/api/notify?type=type3	undefined
2025/06/27	17:16:45	d30d8a25-3add-4c65-a13b-e2dc2c5b5329	GET	/api/notify?type=type1	undefined
2025/06/27	17:20:30	a98e7725-e012-4af7-8886-9f3879749e3b	GET	/api/notify?employee=emp1	undefined
2025/06/27	17:20:51	37c905bb-9ab2-41f6-91f4-5ea7d673e6b0	GET	/api/notify?type=type1	undefined
2025/06/27	17:21:09	7d822d7b-46e5-4178-a33c-59323544966c	POST	/api/auth/login	undefined
2025/06/27	17:21:28	2978f019-3572-4cb8-b366-b761b8d9b4a1	GET	/api/notify?type=type1	undefined
2025/06/27	17:22:03	5cd8a48a-ca0f-459d-b2e9-77daae5848fb	POST	/api/notify/685d2b9a18d9dc84e2a8ab53	undefined
2025/06/27	17:22:19	b4bc6fde-d5e8-4a1f-8dda-9d3c58e7369d	GET	/api/notify?type=type1	undefined
2025/06/27	17:23:11	9c026c03-3338-4879-bb18-d4e95b29cde1	GET	/api/notify?type=type1	undefined
2025/06/27	17:24:04	588a8ec4-a684-4319-ada7-66277a608d61	GET	/api/notify	undefined
2025/06/27	17:24:31	27d9a052-39d0-4f83-9534-2548fffd9267	GET	/api/notify?type=typ1	undefined
2025/06/27	17:27:00	aeb25a03-0d7f-4c7f-ae05-6767784dce3f	GET	/api/ongoingtask/685d2b9a18d9dc84e2a8ab53	undefined
2025/06/27	17:28:16	beec0bfa-80aa-44ac-88c1-b958430e07e3	GET	/api/ongoingtask/685d2b9a18d9dc84e2a8ab53	undefined
2025/06/27	17:31:04	32d33dcf-f2e8-4144-a215-4d583f9ae19e	GET	/api/ongoingtask/685d2b9a18d9dc84e2a8ab53	undefined
2025/06/27	17:35:41	72d7a6b3-efad-4668-b6ef-285f6f780df8	POST	/api/ongoingtask/685d2b9a18d9dc84e2a8ab53	undefined
2025/06/27	17:37:18	5c9283a6-2565-473a-972d-72e56091e3c7	POST	/api/ongoingtask/685d2b9a18d9dc84e2a8ab53	undefined
2025/06/27	17:37:28	b0da5592-8339-4c1c-88fa-c95b4e720ea2	GET	/api/ongoingtask/685d2b9a18d9dc84e2a8ab53	undefined
2025/06/27	17:37:55	9fd7e1ff-4be4-496b-a46a-e7658e059f3f	POST	/api/ongoingtask/685d2b9a18d9dc84e2a8ab53	undefined
2025/06/27	17:41:31	dd58fc85-a872-402e-974a-65bfaee3262e	GET	/api/ongoingtask/685d2b9a18d9dc84e2a8ab53	undefined
2025/06/27	17:41:54	10f5be43-60e9-417e-ac36-690aae5c9357	DELETE	/api/ongoingtask/685d2b9a18d9dc84e2a8ab53	undefined
